Spark Command: /usr/lib/jvm/java-11-openjdk-amd64/bin/java -cp /home/jovyan/work/conf/:/usr/local/spark/jars/* -Xmx1g org.apache.spark.deploy.history.HistoryServer
========================================
Using Spark's default log4j profile: org/apache/spark/log4j-defaults.properties
21/05/24 14:51:03 INFO HistoryServer: Started daemon with process name: 1521@91a5242d48fd
21/05/24 14:51:03 INFO SignalUtils: Registering signal handler for TERM
21/05/24 14:51:03 INFO SignalUtils: Registering signal handler for HUP
21/05/24 14:51:03 INFO SignalUtils: Registering signal handler for INT
WARNING: An illegal reflective access operation has occurred
WARNING: Illegal reflective access by org.apache.spark.unsafe.Platform (file:/usr/local/spark-3.1.1-bin-hadoop3.2/jars/spark-unsafe_2.12-3.1.1.jar) to constructor java.nio.DirectByteBuffer(long,int)
WARNING: Please consider reporting this to the maintainers of org.apache.spark.unsafe.Platform
WARNING: Use --illegal-access=warn to enable warnings of further illegal reflective access operations
WARNING: All illegal access operations will be denied in a future release
21/05/24 14:51:05 WARN NativeCodeLoader: Unable to load native-hadoop library for your platform... using builtin-java classes where applicable
21/05/24 14:51:05 INFO SecurityManager: Changing view acls to: jovyan
21/05/24 14:51:05 INFO SecurityManager: Changing modify acls to: jovyan
21/05/24 14:51:05 INFO SecurityManager: Changing view acls groups to: 
21/05/24 14:51:05 INFO SecurityManager: Changing modify acls groups to: 
21/05/24 14:51:05 INFO SecurityManager: SecurityManager: authentication disabled; ui acls disabled; users  with view permissions: Set(jovyan); groups with view permissions: Set(); users  with modify permissions: Set(jovyan); groups with modify permissions: Set()
21/05/24 14:51:05 INFO FsHistoryProvider: History server ui acls disabled; users with admin permissions: ; groups with admin permissions: 
21/05/24 14:51:06 INFO Utils: Successfully started service on port 18080.
21/05/24 14:51:06 INFO HistoryServer: Bound HistoryServer to 0.0.0.0, and started at http://91a5242d48fd:18080
21/05/24 14:51:06 INFO FsHistoryProvider: Parsing file:/home/jovyan/work/spark-history/local-1621867807062 for listing data...
21/05/24 14:51:07 INFO FsHistoryProvider: Looking for end event; skipping 3221385 bytes from file:/home/jovyan/work/spark-history/local-1621867807062...
21/05/24 14:51:07 INFO FsHistoryProvider: Finished parsing file:/home/jovyan/work/spark-history/local-1621867807062
21/05/24 14:51:07 INFO FsHistoryProvider: Parsing file:/home/jovyan/work/spark-history/local-1621867374234.inprogress for listing data...
21/05/24 14:51:07 INFO FsHistoryProvider: Finished parsing file:/home/jovyan/work/spark-history/local-1621867374234.inprogress
21/05/24 14:51:07 INFO FsHistoryProvider: Parsing file:/home/jovyan/work/spark-history/local-1621867100962.inprogress for listing data...
21/05/24 14:51:07 INFO FsHistoryProvider: Finished parsing file:/home/jovyan/work/spark-history/local-1621867100962.inprogress
21/05/24 14:51:07 INFO FsHistoryProvider: Parsing file:/home/jovyan/work/spark-history/local-1621866925234.inprogress for listing data...
21/05/24 14:51:07 INFO FsHistoryProvider: Finished parsing file:/home/jovyan/work/spark-history/local-1621866925234.inprogress
21/05/24 14:51:07 INFO FsHistoryProvider: Parsing file:/home/jovyan/work/spark-history/local-1621866537520.inprogress for listing data...
21/05/24 14:51:07 INFO FsHistoryProvider: Finished parsing file:/home/jovyan/work/spark-history/local-1621866537520.inprogress
21/05/24 14:51:07 INFO FsHistoryProvider: Parsing file:/home/jovyan/work/spark-history/local-1621866742977.inprogress for listing data...
21/05/24 14:51:07 INFO FsHistoryProvider: Finished parsing file:/home/jovyan/work/spark-history/local-1621866742977.inprogress
21/05/24 14:51:07 INFO FsHistoryProvider: Parsing file:/home/jovyan/work/spark-history/local-1621866572459.inprogress for listing data...
21/05/24 14:51:07 INFO FsHistoryProvider: Finished parsing file:/home/jovyan/work/spark-history/local-1621866572459.inprogress
21/05/24 14:51:07 INFO FsHistoryProvider: Parsing file:/home/jovyan/work/spark-history/local-1621865846987.inprogress for listing data...
21/05/24 14:51:07 INFO FsHistoryProvider: Finished parsing file:/home/jovyan/work/spark-history/local-1621865846987.inprogress
21/05/24 14:51:07 INFO FsHistoryProvider: Parsing file:/home/jovyan/work/spark-history/local-1621865770964 for listing data...
21/05/24 14:51:07 INFO FsHistoryProvider: Looking for end event; skipping 5329403 bytes from file:/home/jovyan/work/spark-history/local-1621865770964...
21/05/24 14:51:07 INFO FsHistoryProvider: Finished parsing file:/home/jovyan/work/spark-history/local-1621865770964
21/05/24 14:51:07 INFO FsHistoryProvider: Parsing file:/home/jovyan/work/spark-history/local-1621853133858 for listing data...
21/05/24 14:51:07 INFO FsHistoryProvider: Looking for end event; skipping 2417998 bytes from file:/home/jovyan/work/spark-history/local-1621853133858...
21/05/24 14:51:07 INFO FsHistoryProvider: Finished parsing file:/home/jovyan/work/spark-history/local-1621853133858
21/05/24 14:51:07 INFO FsHistoryProvider: Parsing file:/home/jovyan/work/spark-history/local-1621781106719 for listing data...
21/05/24 14:51:07 INFO FsHistoryProvider: Looking for end event; skipping 4528503 bytes from file:/home/jovyan/work/spark-history/local-1621781106719...
21/05/24 14:51:07 INFO FsHistoryProvider: Finished parsing file:/home/jovyan/work/spark-history/local-1621781106719
21/05/24 14:51:07 INFO FsHistoryProvider: Parsing file:/home/jovyan/work/spark-history/local-1621781055132 for listing data...
21/05/24 14:51:07 INFO FsHistoryProvider: Looking for end event; skipping 3399104 bytes from file:/home/jovyan/work/spark-history/local-1621781055132...
21/05/24 14:51:07 INFO FsHistoryProvider: Finished parsing file:/home/jovyan/work/spark-history/local-1621781055132
21/05/24 14:51:07 INFO FsHistoryProvider: Parsing file:/home/jovyan/work/spark-history/local-1621780967887 for listing data...
21/05/24 14:51:07 INFO FsHistoryProvider: Looking for end event; skipping 1147684 bytes from file:/home/jovyan/work/spark-history/local-1621780967887...
21/05/24 14:51:07 INFO FsHistoryProvider: Finished parsing file:/home/jovyan/work/spark-history/local-1621780967887
21/05/24 14:51:07 INFO FsHistoryProvider: Parsing file:/home/jovyan/work/spark-history/local-1621780909847 for listing data...
21/05/24 14:51:07 INFO FsHistoryProvider: Looking for end event; skipping 4536911 bytes from file:/home/jovyan/work/spark-history/local-1621780909847...
21/05/24 14:51:07 INFO FsHistoryProvider: Finished parsing file:/home/jovyan/work/spark-history/local-1621780909847
21/05/24 14:51:07 INFO FsHistoryProvider: Parsing file:/home/jovyan/work/spark-history/local-1621780840968 for listing data...
21/05/24 14:51:08 INFO FsHistoryProvider: Looking for end event; skipping 4522576 bytes from file:/home/jovyan/work/spark-history/local-1621780840968...
21/05/24 14:51:08 INFO FsHistoryProvider: Finished parsing file:/home/jovyan/work/spark-history/local-1621780840968
21/05/24 14:51:08 INFO FsHistoryProvider: Parsing file:/home/jovyan/work/spark-history/local-1621780634613 for listing data...
21/05/24 14:51:08 INFO FsHistoryProvider: Looking for end event; skipping 9761586 bytes from file:/home/jovyan/work/spark-history/local-1621780634613...
21/05/24 14:51:08 INFO FsHistoryProvider: Finished parsing file:/home/jovyan/work/spark-history/local-1621780634613
21/05/24 14:51:08 INFO FsHistoryProvider: Parsing file:/home/jovyan/work/spark-history/local-1621780581358 for listing data...
21/05/24 14:51:08 INFO FsHistoryProvider: Finished parsing file:/home/jovyan/work/spark-history/local-1621780581358
21/05/24 14:51:08 INFO FsHistoryProvider: Parsing file:/home/jovyan/work/spark-history/local-1621780373682 for listing data...
21/05/24 14:51:08 INFO FsHistoryProvider: Finished parsing file:/home/jovyan/work/spark-history/local-1621780373682
21/05/24 14:51:08 INFO FsHistoryProvider: Parsing file:/home/jovyan/work/spark-history/local-1621780327394 for listing data...
21/05/24 14:51:08 INFO FsHistoryProvider: Finished parsing file:/home/jovyan/work/spark-history/local-1621780327394
21/05/24 14:51:08 INFO FsHistoryProvider: Parsing file:/home/jovyan/work/spark-history/local-1621780225005 for listing data...
21/05/24 14:51:08 INFO FsHistoryProvider: Finished parsing file:/home/jovyan/work/spark-history/local-1621780225005
21/05/24 14:51:08 INFO FsHistoryProvider: Parsing file:/home/jovyan/work/spark-history/local-1621778900181 for listing data...
21/05/24 14:51:08 INFO FsHistoryProvider: Looking for end event; skipping 4525224 bytes from file:/home/jovyan/work/spark-history/local-1621778900181...
21/05/24 14:51:08 INFO FsHistoryProvider: Finished parsing file:/home/jovyan/work/spark-history/local-1621778900181
21/05/24 14:51:08 INFO FsHistoryProvider: Parsing file:/home/jovyan/work/spark-history/local-1621778393858 for listing data...
21/05/24 14:51:08 INFO FsHistoryProvider: Looking for end event; skipping 4529042 bytes from file:/home/jovyan/work/spark-history/local-1621778393858...
21/05/24 14:51:08 INFO FsHistoryProvider: Finished parsing file:/home/jovyan/work/spark-history/local-1621778393858
21/05/24 14:51:08 INFO FsHistoryProvider: Parsing file:/home/jovyan/work/spark-history/local-1621777974700 for listing data...
21/05/24 14:51:08 INFO FsHistoryProvider: Looking for end event; skipping 3496675 bytes from file:/home/jovyan/work/spark-history/local-1621777974700...
21/05/24 14:51:08 INFO FsHistoryProvider: Finished parsing file:/home/jovyan/work/spark-history/local-1621777974700
21/05/24 14:51:08 INFO FsHistoryProvider: Parsing file:/home/jovyan/work/spark-history/local-1621777692261.inprogress for listing data...
21/05/24 14:51:08 INFO FsHistoryProvider: Finished parsing file:/home/jovyan/work/spark-history/local-1621777692261.inprogress
21/05/24 14:51:08 INFO FsHistoryProvider: Parsing file:/home/jovyan/work/spark-history/local-1621776672001 for listing data...
21/05/24 14:51:08 INFO FsHistoryProvider: Finished parsing file:/home/jovyan/work/spark-history/local-1621776672001
21/05/24 14:51:08 INFO FsHistoryProvider: Parsing file:/home/jovyan/work/spark-history/local-1621777424751.inprogress for listing data...
21/05/24 14:51:08 INFO FsHistoryProvider: Finished parsing file:/home/jovyan/work/spark-history/local-1621777424751.inprogress
21/05/24 14:51:08 INFO FsHistoryProvider: Parsing file:/home/jovyan/work/spark-history/local-1621772892163.inprogress for listing data...
21/05/24 14:51:08 INFO FsHistoryProvider: Finished parsing file:/home/jovyan/work/spark-history/local-1621772892163.inprogress
21/05/24 14:51:08 INFO FsHistoryProvider: Parsing file:/home/jovyan/work/spark-history/local-1621771837859 for listing data...
21/05/24 14:51:08 INFO FsHistoryProvider: Looking for end event; skipping 2430421 bytes from file:/home/jovyan/work/spark-history/local-1621771837859...
21/05/24 14:51:08 INFO FsHistoryProvider: Finished parsing file:/home/jovyan/work/spark-history/local-1621771837859
21/05/24 14:51:08 INFO FsHistoryProvider: Parsing file:/home/jovyan/work/spark-history/local-1621771371293.inprogress for listing data...
21/05/24 14:51:08 INFO FsHistoryProvider: Finished parsing file:/home/jovyan/work/spark-history/local-1621771371293.inprogress
21/05/24 14:51:08 INFO FsHistoryProvider: Parsing file:/home/jovyan/work/spark-history/local-1621769116387.inprogress for listing data...
21/05/24 14:51:08 INFO FsHistoryProvider: Finished parsing file:/home/jovyan/work/spark-history/local-1621769116387.inprogress
21/05/24 14:51:08 INFO FsHistoryProvider: Parsing file:/home/jovyan/work/spark-history/local-1621770004929.inprogress for listing data...
21/05/24 14:51:08 INFO FsHistoryProvider: Finished parsing file:/home/jovyan/work/spark-history/local-1621770004929.inprogress
21/05/24 14:51:08 INFO FsHistoryProvider: Parsing file:/home/jovyan/work/spark-history/local-1621741258981.inprogress for listing data...
21/05/24 14:51:08 INFO FsHistoryProvider: Finished parsing file:/home/jovyan/work/spark-history/local-1621741258981.inprogress
21/05/24 14:51:08 INFO FsHistoryProvider: Parsing file:/home/jovyan/work/spark-history/local-1621690500276.inprogress for listing data...
21/05/24 14:51:08 INFO FsHistoryProvider: Finished parsing file:/home/jovyan/work/spark-history/local-1621690500276.inprogress
21/05/24 14:51:08 INFO FsHistoryProvider: Parsing file:/home/jovyan/work/spark-history/local-1621687289662 for listing data...
21/05/24 14:51:08 INFO FsHistoryProvider: Looking for end event; skipping 12524452 bytes from file:/home/jovyan/work/spark-history/local-1621687289662...
21/05/24 14:51:08 INFO FsHistoryProvider: Finished parsing file:/home/jovyan/work/spark-history/local-1621687289662
21/05/24 14:51:08 INFO FsHistoryProvider: Parsing file:/home/jovyan/work/spark-history/local-1621687012914.inprogress for listing data...
21/05/24 14:51:08 INFO FsHistoryProvider: Finished parsing file:/home/jovyan/work/spark-history/local-1621687012914.inprogress
21/05/24 14:51:08 INFO FsHistoryProvider: Parsing file:/home/jovyan/work/spark-history/local-1621686824689 for listing data...
21/05/24 14:51:08 INFO FsHistoryProvider: Looking for end event; skipping 3501852 bytes from file:/home/jovyan/work/spark-history/local-1621686824689...
21/05/24 14:51:08 INFO FsHistoryProvider: Finished parsing file:/home/jovyan/work/spark-history/local-1621686824689
21/05/24 14:51:08 INFO FsHistoryProvider: Parsing file:/home/jovyan/work/spark-history/local-1621675001605 for listing data...
21/05/24 14:51:08 INFO FsHistoryProvider: Looking for end event; skipping 3556388 bytes from file:/home/jovyan/work/spark-history/local-1621675001605...
21/05/24 14:51:08 INFO FsHistoryProvider: Finished parsing file:/home/jovyan/work/spark-history/local-1621675001605
21/05/24 14:51:08 INFO FsHistoryProvider: Parsing file:/home/jovyan/work/spark-history/local-1621599979594 for listing data...
21/05/24 14:51:08 INFO FsHistoryProvider: Looking for end event; skipping 76586559 bytes from file:/home/jovyan/work/spark-history/local-1621599979594...
21/05/24 14:51:08 INFO FsHistoryProvider: Finished parsing file:/home/jovyan/work/spark-history/local-1621599979594
21/05/24 14:51:08 INFO FsHistoryProvider: Parsing file:/home/jovyan/work/spark-history/local-1621345094350.inprogress for listing data...
21/05/24 14:51:08 INFO FsHistoryProvider: Finished parsing file:/home/jovyan/work/spark-history/local-1621345094350.inprogress
21/05/24 14:51:08 INFO FsHistoryProvider: Parsing file:/home/jovyan/work/spark-history/local-1621431675173.inprogress for listing data...
21/05/24 14:51:08 INFO FsHistoryProvider: Finished parsing file:/home/jovyan/work/spark-history/local-1621431675173.inprogress
21/05/24 14:51:08 INFO FsHistoryProvider: Parsing file:/home/jovyan/work/spark-history/local-1621336676196 for listing data...
21/05/24 14:51:08 INFO FsHistoryProvider: Looking for end event; skipping 54728667 bytes from file:/home/jovyan/work/spark-history/local-1621336676196...
21/05/24 14:51:08 INFO FsHistoryProvider: Finished parsing file:/home/jovyan/work/spark-history/local-1621336676196
21/05/24 14:51:08 INFO FsHistoryProvider: Parsing file:/home/jovyan/work/spark-history/local-1621262315869.inprogress for listing data...
21/05/24 14:51:08 INFO FsHistoryProvider: Finished parsing file:/home/jovyan/work/spark-history/local-1621262315869.inprogress
21/05/24 14:51:08 INFO FsHistoryProvider: Parsing file:/home/jovyan/work/spark-history/local-1621258318755 for listing data...
21/05/24 14:51:08 INFO FsHistoryProvider: Looking for end event; skipping 45870189 bytes from file:/home/jovyan/work/spark-history/local-1621258318755...
21/05/24 14:51:08 INFO FsHistoryProvider: Finished parsing file:/home/jovyan/work/spark-history/local-1621258318755
21/05/24 14:51:08 INFO FsHistoryProvider: Parsing file:/home/jovyan/work/spark-history/local-1621258205715 for listing data...
21/05/24 14:51:08 INFO FsHistoryProvider: Looking for end event; skipping 2019740 bytes from file:/home/jovyan/work/spark-history/local-1621258205715...
21/05/24 14:51:08 INFO FsHistoryProvider: Finished parsing file:/home/jovyan/work/spark-history/local-1621258205715
21/05/24 14:51:08 INFO FsHistoryProvider: Parsing file:/home/jovyan/work/spark-history/local-1621256444825 for listing data...
21/05/24 14:51:08 INFO FsHistoryProvider: Looking for end event; skipping 19399344 bytes from file:/home/jovyan/work/spark-history/local-1621256444825...
21/05/24 14:51:08 INFO FsHistoryProvider: Finished parsing file:/home/jovyan/work/spark-history/local-1621256444825
21/05/24 14:51:08 INFO FsHistoryProvider: Parsing file:/home/jovyan/work/spark-history/local-1621081242738 for listing data...
21/05/24 14:51:08 INFO FsHistoryProvider: Looking for end event; skipping 10101343 bytes from file:/home/jovyan/work/spark-history/local-1621081242738...
21/05/24 14:51:08 INFO FsHistoryProvider: Finished parsing file:/home/jovyan/work/spark-history/local-1621081242738
21/05/24 14:51:08 INFO FsHistoryProvider: Parsing file:/home/jovyan/work/spark-history/local-1621128079839.inprogress for listing data...
21/05/24 14:51:08 INFO FsHistoryProvider: Finished parsing file:/home/jovyan/work/spark-history/local-1621128079839.inprogress
21/05/24 14:51:08 INFO FsHistoryProvider: Parsing file:/home/jovyan/work/spark-history/local-1621001849219.inprogress for listing data...
21/05/24 14:51:08 INFO FsHistoryProvider: Finished parsing file:/home/jovyan/work/spark-history/local-1621001849219.inprogress
21/05/24 14:51:08 INFO FsHistoryProvider: Parsing file:/home/jovyan/work/spark-history/local-1621001539164 for listing data...
21/05/24 14:51:08 INFO FsHistoryProvider: Looking for end event; skipping 1107838 bytes from file:/home/jovyan/work/spark-history/local-1621001539164...
21/05/24 14:51:08 INFO FsHistoryProvider: Finished parsing file:/home/jovyan/work/spark-history/local-1621001539164
21/05/24 14:51:26 INFO SecurityManager: Changing view acls to: jovyan
21/05/24 14:51:26 INFO SecurityManager: Changing modify acls to: jovyan
21/05/24 14:51:26 INFO SecurityManager: Changing view acls groups to: 
21/05/24 14:51:26 INFO SecurityManager: Changing modify acls groups to: 
21/05/24 14:51:26 INFO SecurityManager: SecurityManager: authentication disabled; ui acls disabled; users  with view permissions: Set(jovyan); groups with view permissions: Set(); users  with modify permissions: Set(jovyan); groups with modify permissions: Set()
21/05/24 14:51:26 INFO SecurityManager: Changing acls enabled to: false
21/05/24 14:51:26 INFO SecurityManager: Changing admin acls to: 
21/05/24 14:51:26 INFO SecurityManager: Changing view acls to: jovyan
21/05/24 14:51:26 INFO SecurityManager: Changing admin acls groups to: 
21/05/24 14:51:26 INFO SecurityManager: Changing view acls groups to: 
21/05/24 14:51:26 INFO FsHistoryProvider: Parsing file:/home/jovyan/work/spark-history/local-1621867807062 to re-build UI...
21/05/24 14:51:28 INFO FsHistoryProvider: Finished parsing file:/home/jovyan/work/spark-history/local-1621867807062
21/05/25 02:40:56 INFO SecurityManager: Changing view acls to: jovyan
21/05/25 02:40:56 INFO SecurityManager: Changing modify acls to: jovyan
21/05/25 02:40:56 INFO SecurityManager: Changing view acls groups to: 
21/05/25 02:40:56 INFO SecurityManager: Changing modify acls groups to: 
21/05/25 02:40:56 INFO SecurityManager: SecurityManager: authentication disabled; ui acls disabled; users  with view permissions: Set(jovyan); groups with view permissions: Set(); users  with modify permissions: Set(jovyan); groups with modify permissions: Set()
21/05/25 02:40:56 INFO SecurityManager: Changing acls enabled to: false
21/05/25 02:40:56 INFO SecurityManager: Changing admin acls to: 
21/05/25 02:40:56 INFO SecurityManager: Changing view acls to: jovyan
21/05/25 02:40:56 INFO SecurityManager: Changing admin acls groups to: 
21/05/25 02:40:56 INFO SecurityManager: Changing view acls groups to: 
21/05/25 02:40:56 INFO FsHistoryProvider: Parsing file:/home/jovyan/work/spark-history/local-1621853133858 to re-build UI...
21/05/25 02:40:57 INFO FsHistoryProvider: Finished parsing file:/home/jovyan/work/spark-history/local-1621853133858
21/05/25 07:30:19 INFO SecurityManager: Changing view acls to: jovyan
21/05/25 07:30:19 INFO SecurityManager: Changing modify acls to: jovyan
21/05/25 07:30:19 INFO SecurityManager: Changing view acls groups to: 
21/05/25 07:30:19 INFO SecurityManager: Changing modify acls groups to: 
21/05/25 07:30:19 INFO SecurityManager: SecurityManager: authentication disabled; ui acls disabled; users  with view permissions: Set(jovyan); groups with view permissions: Set(); users  with modify permissions: Set(jovyan); groups with modify permissions: Set()
21/05/25 07:30:19 INFO SecurityManager: Changing acls enabled to: false
21/05/25 07:30:19 INFO SecurityManager: Changing admin acls to: 
21/05/25 07:30:19 INFO SecurityManager: Changing view acls to: jovyan
21/05/25 07:30:19 INFO SecurityManager: Changing admin acls groups to: 
21/05/25 07:30:19 INFO SecurityManager: Changing view acls groups to: 
21/05/25 07:30:19 INFO FsHistoryProvider: Parsing file:/home/jovyan/work/spark-history/local-1621781106719 to re-build UI...
21/05/25 07:30:20 INFO FsHistoryProvider: Finished parsing file:/home/jovyan/work/spark-history/local-1621781106719
21/05/25 12:40:32 INFO FsHistoryProvider: Parsing file:/home/jovyan/work/spark-history/local-1621946427279.inprogress for listing data...
21/05/25 12:40:32 INFO FsHistoryProvider: Finished parsing file:/home/jovyan/work/spark-history/local-1621946427279.inprogress
21/05/25 12:42:02 INFO FsHistoryProvider: Parsing file:/home/jovyan/work/spark-history/local-1621946427279 for listing data...
21/05/25 12:42:02 INFO FsHistoryProvider: Looking for end event; skipping 5825670 bytes from file:/home/jovyan/work/spark-history/local-1621946427279...
21/05/25 12:42:02 INFO FsHistoryProvider: Finished parsing file:/home/jovyan/work/spark-history/local-1621946427279
21/05/25 12:42:12 INFO FsHistoryProvider: Parsing file:/home/jovyan/work/spark-history/local-1621946525640.inprogress for listing data...
21/05/25 12:42:12 INFO FsHistoryProvider: Finished parsing file:/home/jovyan/work/spark-history/local-1621946525640.inprogress
21/05/25 12:44:03 INFO FsHistoryProvider: Parsing file:/home/jovyan/work/spark-history/local-1621946525640 for listing data...
21/05/25 12:44:03 INFO FsHistoryProvider: Looking for end event; skipping 3220431 bytes from file:/home/jovyan/work/spark-history/local-1621946525640...
21/05/25 12:44:03 INFO FsHistoryProvider: Finished parsing file:/home/jovyan/work/spark-history/local-1621946525640
21/05/25 12:44:13 INFO FsHistoryProvider: Parsing file:/home/jovyan/work/spark-history/local-1621946646446.inprogress for listing data...
21/05/25 12:44:13 INFO FsHistoryProvider: Finished parsing file:/home/jovyan/work/spark-history/local-1621946646446.inprogress
21/05/25 12:45:23 INFO FsHistoryProvider: Parsing file:/home/jovyan/work/spark-history/local-1621946717020.inprogress for listing data...
21/05/25 12:45:23 INFO FsHistoryProvider: Finished parsing file:/home/jovyan/work/spark-history/local-1621946717020.inprogress
