Spark Command: /usr/lib/jvm/java-11-openjdk-amd64/bin/java -cp /home/jovyan/work/conf/:/usr/local/spark/jars/* -Xmx1g org.apache.spark.deploy.history.HistoryServer
========================================
Using Spark's default log4j profile: org/apache/spark/log4j-defaults.properties
21/05/23 13:41:18 INFO HistoryServer: Started daemon with process name: 1625@b2fab37c29a4
21/05/23 13:41:18 INFO SignalUtils: Registering signal handler for TERM
21/05/23 13:41:18 INFO SignalUtils: Registering signal handler for HUP
21/05/23 13:41:18 INFO SignalUtils: Registering signal handler for INT
WARNING: An illegal reflective access operation has occurred
WARNING: Illegal reflective access by org.apache.spark.unsafe.Platform (file:/usr/local/spark-3.1.1-bin-hadoop3.2/jars/spark-unsafe_2.12-3.1.1.jar) to constructor java.nio.DirectByteBuffer(long,int)
WARNING: Please consider reporting this to the maintainers of org.apache.spark.unsafe.Platform
WARNING: Use --illegal-access=warn to enable warnings of further illegal reflective access operations
WARNING: All illegal access operations will be denied in a future release
21/05/23 13:41:18 WARN NativeCodeLoader: Unable to load native-hadoop library for your platform... using builtin-java classes where applicable
21/05/23 13:41:19 INFO SecurityManager: Changing view acls to: jovyan
21/05/23 13:41:19 INFO SecurityManager: Changing modify acls to: jovyan
21/05/23 13:41:19 INFO SecurityManager: Changing view acls groups to: 
21/05/23 13:41:19 INFO SecurityManager: Changing modify acls groups to: 
21/05/23 13:41:19 INFO SecurityManager: SecurityManager: authentication disabled; ui acls disabled; users  with view permissions: Set(jovyan); groups with view permissions: Set(); users  with modify permissions: Set(jovyan); groups with modify permissions: Set()
21/05/23 13:41:19 INFO FsHistoryProvider: History server ui acls disabled; users with admin permissions: ; groups with admin permissions: 
21/05/23 13:41:20 INFO Utils: Successfully started service on port 18080.
21/05/23 13:41:20 INFO HistoryServer: Bound HistoryServer to 0.0.0.0, and started at http://b2fab37c29a4:18080
21/05/23 13:41:20 INFO FsHistoryProvider: Parsing file:/home/jovyan/work/spark-history/local-1621776672001.inprogress for listing data...
21/05/23 13:41:21 INFO FsHistoryProvider: Finished parsing file:/home/jovyan/work/spark-history/local-1621776672001.inprogress
21/05/23 13:41:21 INFO FsHistoryProvider: Parsing file:/home/jovyan/work/spark-history/local-1621772892163.inprogress for listing data...
21/05/23 13:41:21 INFO FsHistoryProvider: Finished parsing file:/home/jovyan/work/spark-history/local-1621772892163.inprogress
21/05/23 13:41:21 INFO FsHistoryProvider: Parsing file:/home/jovyan/work/spark-history/local-1621771837859 for listing data...
21/05/23 13:41:21 INFO FsHistoryProvider: Looking for end event; skipping 2430421 bytes from file:/home/jovyan/work/spark-history/local-1621771837859...
21/05/23 13:41:22 INFO FsHistoryProvider: Finished parsing file:/home/jovyan/work/spark-history/local-1621771837859
21/05/23 13:41:22 INFO FsHistoryProvider: Parsing file:/home/jovyan/work/spark-history/local-1621771371293.inprogress for listing data...
21/05/23 13:41:22 INFO FsHistoryProvider: Finished parsing file:/home/jovyan/work/spark-history/local-1621771371293.inprogress
21/05/23 13:41:22 INFO FsHistoryProvider: Parsing file:/home/jovyan/work/spark-history/local-1621769116387.inprogress for listing data...
21/05/23 13:41:22 INFO FsHistoryProvider: Finished parsing file:/home/jovyan/work/spark-history/local-1621769116387.inprogress
21/05/23 13:41:22 INFO FsHistoryProvider: Parsing file:/home/jovyan/work/spark-history/local-1621770004929.inprogress for listing data...
21/05/23 13:41:22 INFO FsHistoryProvider: Finished parsing file:/home/jovyan/work/spark-history/local-1621770004929.inprogress
21/05/23 13:41:22 INFO FsHistoryProvider: Parsing file:/home/jovyan/work/spark-history/local-1621741258981.inprogress for listing data...
21/05/23 13:41:22 INFO FsHistoryProvider: Finished parsing file:/home/jovyan/work/spark-history/local-1621741258981.inprogress
21/05/23 13:41:22 INFO FsHistoryProvider: Parsing file:/home/jovyan/work/spark-history/local-1621690500276.inprogress for listing data...
21/05/23 13:41:22 INFO FsHistoryProvider: Finished parsing file:/home/jovyan/work/spark-history/local-1621690500276.inprogress
21/05/23 13:41:22 INFO FsHistoryProvider: Parsing file:/home/jovyan/work/spark-history/local-1621687289662 for listing data...
21/05/23 13:41:22 INFO FsHistoryProvider: Looking for end event; skipping 12524452 bytes from file:/home/jovyan/work/spark-history/local-1621687289662...
21/05/23 13:41:22 INFO FsHistoryProvider: Finished parsing file:/home/jovyan/work/spark-history/local-1621687289662
21/05/23 13:41:22 INFO FsHistoryProvider: Parsing file:/home/jovyan/work/spark-history/local-1621687012914.inprogress for listing data...
21/05/23 13:41:22 INFO FsHistoryProvider: Finished parsing file:/home/jovyan/work/spark-history/local-1621687012914.inprogress
21/05/23 13:41:22 INFO FsHistoryProvider: Parsing file:/home/jovyan/work/spark-history/local-1621686824689 for listing data...
21/05/23 13:41:22 INFO FsHistoryProvider: Looking for end event; skipping 3501852 bytes from file:/home/jovyan/work/spark-history/local-1621686824689...
21/05/23 13:41:22 INFO FsHistoryProvider: Finished parsing file:/home/jovyan/work/spark-history/local-1621686824689
21/05/23 13:41:22 INFO FsHistoryProvider: Parsing file:/home/jovyan/work/spark-history/local-1621675001605 for listing data...
21/05/23 13:41:22 INFO FsHistoryProvider: Looking for end event; skipping 3556388 bytes from file:/home/jovyan/work/spark-history/local-1621675001605...
21/05/23 13:41:22 INFO FsHistoryProvider: Finished parsing file:/home/jovyan/work/spark-history/local-1621675001605
21/05/23 13:41:22 INFO FsHistoryProvider: Parsing file:/home/jovyan/work/spark-history/local-1621599979594 for listing data...
21/05/23 13:41:22 INFO FsHistoryProvider: Looking for end event; skipping 76586559 bytes from file:/home/jovyan/work/spark-history/local-1621599979594...
21/05/23 13:41:22 INFO FsHistoryProvider: Finished parsing file:/home/jovyan/work/spark-history/local-1621599979594
21/05/23 13:41:22 INFO FsHistoryProvider: Parsing file:/home/jovyan/work/spark-history/local-1621345094350.inprogress for listing data...
21/05/23 13:41:22 INFO FsHistoryProvider: Finished parsing file:/home/jovyan/work/spark-history/local-1621345094350.inprogress
21/05/23 13:41:22 INFO FsHistoryProvider: Parsing file:/home/jovyan/work/spark-history/local-1621431675173.inprogress for listing data...
21/05/23 13:41:22 INFO FsHistoryProvider: Finished parsing file:/home/jovyan/work/spark-history/local-1621431675173.inprogress
21/05/23 13:41:22 INFO FsHistoryProvider: Parsing file:/home/jovyan/work/spark-history/local-1621336676196 for listing data...
21/05/23 13:41:22 INFO FsHistoryProvider: Looking for end event; skipping 54728667 bytes from file:/home/jovyan/work/spark-history/local-1621336676196...
21/05/23 13:41:22 INFO FsHistoryProvider: Finished parsing file:/home/jovyan/work/spark-history/local-1621336676196
21/05/23 13:41:22 INFO FsHistoryProvider: Parsing file:/home/jovyan/work/spark-history/local-1621262315869.inprogress for listing data...
21/05/23 13:41:22 INFO FsHistoryProvider: Finished parsing file:/home/jovyan/work/spark-history/local-1621262315869.inprogress
21/05/23 13:41:22 INFO FsHistoryProvider: Parsing file:/home/jovyan/work/spark-history/local-1621258318755 for listing data...
21/05/23 13:41:22 INFO FsHistoryProvider: Looking for end event; skipping 45870189 bytes from file:/home/jovyan/work/spark-history/local-1621258318755...
21/05/23 13:41:22 INFO FsHistoryProvider: Finished parsing file:/home/jovyan/work/spark-history/local-1621258318755
21/05/23 13:41:22 INFO FsHistoryProvider: Parsing file:/home/jovyan/work/spark-history/local-1621258205715 for listing data...
21/05/23 13:41:22 INFO FsHistoryProvider: Looking for end event; skipping 2019740 bytes from file:/home/jovyan/work/spark-history/local-1621258205715...
21/05/23 13:41:22 INFO FsHistoryProvider: Finished parsing file:/home/jovyan/work/spark-history/local-1621258205715
21/05/23 13:41:22 INFO FsHistoryProvider: Parsing file:/home/jovyan/work/spark-history/local-1621256444825 for listing data...
21/05/23 13:41:22 INFO FsHistoryProvider: Looking for end event; skipping 19399344 bytes from file:/home/jovyan/work/spark-history/local-1621256444825...
21/05/23 13:41:22 INFO FsHistoryProvider: Finished parsing file:/home/jovyan/work/spark-history/local-1621256444825
21/05/23 13:41:22 INFO FsHistoryProvider: Parsing file:/home/jovyan/work/spark-history/local-1621081242738 for listing data...
21/05/23 13:41:22 INFO FsHistoryProvider: Looking for end event; skipping 10101343 bytes from file:/home/jovyan/work/spark-history/local-1621081242738...
21/05/23 13:41:22 INFO FsHistoryProvider: Finished parsing file:/home/jovyan/work/spark-history/local-1621081242738
21/05/23 13:41:22 INFO FsHistoryProvider: Parsing file:/home/jovyan/work/spark-history/local-1621128079839.inprogress for listing data...
21/05/23 13:41:22 INFO FsHistoryProvider: Finished parsing file:/home/jovyan/work/spark-history/local-1621128079839.inprogress
21/05/23 13:41:22 INFO FsHistoryProvider: Parsing file:/home/jovyan/work/spark-history/local-1621001849219.inprogress for listing data...
21/05/23 13:41:22 INFO FsHistoryProvider: Finished parsing file:/home/jovyan/work/spark-history/local-1621001849219.inprogress
21/05/23 13:41:22 INFO FsHistoryProvider: Parsing file:/home/jovyan/work/spark-history/local-1621001539164 for listing data...
21/05/23 13:41:22 INFO FsHistoryProvider: Looking for end event; skipping 1107838 bytes from file:/home/jovyan/work/spark-history/local-1621001539164...
21/05/23 13:41:22 INFO FsHistoryProvider: Finished parsing file:/home/jovyan/work/spark-history/local-1621001539164
21/05/23 13:43:32 INFO SecurityManager: Changing view acls to: jovyan
21/05/23 13:43:32 INFO SecurityManager: Changing modify acls to: jovyan
21/05/23 13:43:32 INFO SecurityManager: Changing view acls groups to: 
21/05/23 13:43:32 INFO SecurityManager: Changing modify acls groups to: 
21/05/23 13:43:32 INFO SecurityManager: SecurityManager: authentication disabled; ui acls disabled; users  with view permissions: Set(jovyan); groups with view permissions: Set(); users  with modify permissions: Set(jovyan); groups with modify permissions: Set()
21/05/23 13:43:33 INFO SecurityManager: Changing acls enabled to: false
21/05/23 13:43:33 INFO SecurityManager: Changing admin acls to: 
21/05/23 13:43:33 INFO SecurityManager: Changing view acls to: jovyan
21/05/23 13:43:33 INFO SecurityManager: Changing admin acls groups to: 
21/05/23 13:43:33 INFO SecurityManager: Changing view acls groups to: 
21/05/23 13:43:43 INFO FsHistoryProvider: Parsing file:/home/jovyan/work/spark-history/local-1621776672001.inprogress to re-build UI...
21/05/23 13:43:44 INFO FsHistoryProvider: Finished parsing file:/home/jovyan/work/spark-history/local-1621776672001.inprogress
21/05/23 13:43:53 INFO FsHistoryProvider: Parsing file:/home/jovyan/work/spark-history/local-1621777424751.inprogress for listing data...
21/05/23 13:43:53 INFO FsHistoryProvider: Finished parsing file:/home/jovyan/work/spark-history/local-1621777424751.inprogress
21/05/23 13:44:45 INFO SecurityManager: Changing view acls to: jovyan
21/05/23 13:44:45 INFO SecurityManager: Changing modify acls to: jovyan
21/05/23 13:44:45 INFO SecurityManager: Changing view acls groups to: 
21/05/23 13:44:45 INFO SecurityManager: Changing modify acls groups to: 
21/05/23 13:44:45 INFO SecurityManager: SecurityManager: authentication disabled; ui acls disabled; users  with view permissions: Set(jovyan); groups with view permissions: Set(); users  with modify permissions: Set(jovyan); groups with modify permissions: Set()
21/05/23 13:44:45 INFO SecurityManager: Changing acls enabled to: false
21/05/23 13:44:45 INFO SecurityManager: Changing admin acls to: 
21/05/23 13:44:46 INFO SecurityManager: Changing view acls to: jovyan
21/05/23 13:44:46 INFO SecurityManager: Changing admin acls groups to: 
21/05/23 13:44:46 INFO SecurityManager: Changing view acls groups to: 
21/05/23 13:44:46 INFO FsHistoryProvider: Parsing file:/home/jovyan/work/spark-history/local-1621777424751.inprogress to re-build UI...
21/05/23 13:44:48 INFO FsHistoryProvider: Finished parsing file:/home/jovyan/work/spark-history/local-1621777424751.inprogress
21/05/23 13:46:23 INFO FsHistoryProvider: Parsing file:/home/jovyan/work/spark-history/local-1621776672001 for listing data...
21/05/23 13:46:23 INFO FsHistoryProvider: Finished parsing file:/home/jovyan/work/spark-history/local-1621776672001
21/05/23 13:46:52 INFO SecurityManager: Changing view acls to: jovyan
21/05/23 13:46:52 INFO SecurityManager: Changing modify acls to: jovyan
21/05/23 13:46:52 INFO SecurityManager: Changing view acls groups to: 
21/05/23 13:46:52 INFO SecurityManager: Changing modify acls groups to: 
21/05/23 13:46:52 INFO SecurityManager: SecurityManager: authentication disabled; ui acls disabled; users  with view permissions: Set(jovyan); groups with view permissions: Set(); users  with modify permissions: Set(jovyan); groups with modify permissions: Set()
21/05/23 13:46:52 INFO SecurityManager: Changing acls enabled to: false
21/05/23 13:46:52 INFO SecurityManager: Changing admin acls to: 
21/05/23 13:46:52 INFO SecurityManager: Changing view acls to: jovyan
21/05/23 13:46:52 INFO SecurityManager: Changing admin acls groups to: 
21/05/23 13:46:52 INFO SecurityManager: Changing view acls groups to: 
21/05/23 13:46:52 INFO FsHistoryProvider: Parsing file:/home/jovyan/work/spark-history/local-1621776672001 to re-build UI...
21/05/23 13:46:52 INFO FsHistoryProvider: Finished parsing file:/home/jovyan/work/spark-history/local-1621776672001
21/05/23 13:48:14 INFO FsHistoryProvider: Parsing file:/home/jovyan/work/spark-history/local-1621777692261.inprogress for listing data...
21/05/23 13:48:14 INFO FsHistoryProvider: Finished parsing file:/home/jovyan/work/spark-history/local-1621777692261.inprogress
