Spark Command: /usr/lib/jvm/java-11-openjdk-amd64/bin/java -cp /home/jovyan/work/conf/:/usr/local/spark/jars/* -Xmx1g org.apache.spark.deploy.history.HistoryServer
========================================
Using Spark's default log4j profile: org/apache/spark/log4j-defaults.properties
21/05/23 13:51:27 INFO HistoryServer: Started daemon with process name: 56@8adcd1909d49
21/05/23 13:51:27 INFO SignalUtils: Registering signal handler for TERM
21/05/23 13:51:27 INFO SignalUtils: Registering signal handler for HUP
21/05/23 13:51:27 INFO SignalUtils: Registering signal handler for INT
WARNING: An illegal reflective access operation has occurred
WARNING: Illegal reflective access by org.apache.spark.unsafe.Platform (file:/usr/local/spark-3.1.1-bin-hadoop3.2/jars/spark-unsafe_2.12-3.1.1.jar) to constructor java.nio.DirectByteBuffer(long,int)
WARNING: Please consider reporting this to the maintainers of org.apache.spark.unsafe.Platform
WARNING: Use --illegal-access=warn to enable warnings of further illegal reflective access operations
WARNING: All illegal access operations will be denied in a future release
21/05/23 13:51:28 WARN NativeCodeLoader: Unable to load native-hadoop library for your platform... using builtin-java classes where applicable
21/05/23 13:51:28 INFO SecurityManager: Changing view acls to: jovyan
21/05/23 13:51:28 INFO SecurityManager: Changing modify acls to: jovyan
21/05/23 13:51:28 INFO SecurityManager: Changing view acls groups to: 
21/05/23 13:51:28 INFO SecurityManager: Changing modify acls groups to: 
21/05/23 13:51:28 INFO SecurityManager: SecurityManager: authentication disabled; ui acls disabled; users  with view permissions: Set(jovyan); groups with view permissions: Set(); users  with modify permissions: Set(jovyan); groups with modify permissions: Set()
21/05/23 13:51:28 INFO FsHistoryProvider: History server ui acls disabled; users with admin permissions: ; groups with admin permissions: 
21/05/23 13:51:29 INFO Utils: Successfully started service on port 18080.
21/05/23 13:51:29 INFO HistoryServer: Bound HistoryServer to 0.0.0.0, and started at http://8adcd1909d49:18080
21/05/23 13:51:29 INFO FsHistoryProvider: Parsing file:/home/jovyan/work/spark-history/local-1621777692261.inprogress for listing data...
21/05/23 13:51:30 INFO FsHistoryProvider: Finished parsing file:/home/jovyan/work/spark-history/local-1621777692261.inprogress
21/05/23 13:51:30 INFO FsHistoryProvider: Parsing file:/home/jovyan/work/spark-history/local-1621776672001 for listing data...
21/05/23 13:51:30 INFO FsHistoryProvider: Finished parsing file:/home/jovyan/work/spark-history/local-1621776672001
21/05/23 13:51:30 INFO FsHistoryProvider: Parsing file:/home/jovyan/work/spark-history/local-1621777424751.inprogress for listing data...
21/05/23 13:51:30 INFO FsHistoryProvider: Finished parsing file:/home/jovyan/work/spark-history/local-1621777424751.inprogress
21/05/23 13:51:30 INFO FsHistoryProvider: Parsing file:/home/jovyan/work/spark-history/local-1621772892163.inprogress for listing data...
21/05/23 13:51:30 INFO FsHistoryProvider: Finished parsing file:/home/jovyan/work/spark-history/local-1621772892163.inprogress
21/05/23 13:51:30 INFO FsHistoryProvider: Parsing file:/home/jovyan/work/spark-history/local-1621771837859 for listing data...
21/05/23 13:51:30 INFO FsHistoryProvider: Looking for end event; skipping 2430421 bytes from file:/home/jovyan/work/spark-history/local-1621771837859...
21/05/23 13:51:30 INFO FsHistoryProvider: Finished parsing file:/home/jovyan/work/spark-history/local-1621771837859
21/05/23 13:51:30 INFO FsHistoryProvider: Parsing file:/home/jovyan/work/spark-history/local-1621771371293.inprogress for listing data...
21/05/23 13:51:30 INFO FsHistoryProvider: Finished parsing file:/home/jovyan/work/spark-history/local-1621771371293.inprogress
21/05/23 13:51:30 INFO FsHistoryProvider: Parsing file:/home/jovyan/work/spark-history/local-1621769116387.inprogress for listing data...
21/05/23 13:51:30 INFO FsHistoryProvider: Finished parsing file:/home/jovyan/work/spark-history/local-1621769116387.inprogress
21/05/23 13:51:30 INFO FsHistoryProvider: Parsing file:/home/jovyan/work/spark-history/local-1621770004929.inprogress for listing data...
21/05/23 13:51:30 INFO FsHistoryProvider: Finished parsing file:/home/jovyan/work/spark-history/local-1621770004929.inprogress
21/05/23 13:51:30 INFO FsHistoryProvider: Parsing file:/home/jovyan/work/spark-history/local-1621741258981.inprogress for listing data...
21/05/23 13:51:30 INFO FsHistoryProvider: Finished parsing file:/home/jovyan/work/spark-history/local-1621741258981.inprogress
21/05/23 13:51:30 INFO FsHistoryProvider: Parsing file:/home/jovyan/work/spark-history/local-1621690500276.inprogress for listing data...
21/05/23 13:51:30 INFO FsHistoryProvider: Finished parsing file:/home/jovyan/work/spark-history/local-1621690500276.inprogress
21/05/23 13:51:30 INFO FsHistoryProvider: Parsing file:/home/jovyan/work/spark-history/local-1621687289662 for listing data...
21/05/23 13:51:30 INFO FsHistoryProvider: Looking for end event; skipping 12524452 bytes from file:/home/jovyan/work/spark-history/local-1621687289662...
21/05/23 13:51:30 INFO FsHistoryProvider: Finished parsing file:/home/jovyan/work/spark-history/local-1621687289662
21/05/23 13:51:30 INFO FsHistoryProvider: Parsing file:/home/jovyan/work/spark-history/local-1621687012914.inprogress for listing data...
21/05/23 13:51:30 INFO FsHistoryProvider: Finished parsing file:/home/jovyan/work/spark-history/local-1621687012914.inprogress
21/05/23 13:51:30 INFO FsHistoryProvider: Parsing file:/home/jovyan/work/spark-history/local-1621686824689 for listing data...
21/05/23 13:51:30 INFO FsHistoryProvider: Looking for end event; skipping 3501852 bytes from file:/home/jovyan/work/spark-history/local-1621686824689...
21/05/23 13:51:30 INFO FsHistoryProvider: Finished parsing file:/home/jovyan/work/spark-history/local-1621686824689
21/05/23 13:51:30 INFO FsHistoryProvider: Parsing file:/home/jovyan/work/spark-history/local-1621675001605 for listing data...
21/05/23 13:51:30 INFO FsHistoryProvider: Looking for end event; skipping 3556388 bytes from file:/home/jovyan/work/spark-history/local-1621675001605...
21/05/23 13:51:30 INFO FsHistoryProvider: Finished parsing file:/home/jovyan/work/spark-history/local-1621675001605
21/05/23 13:51:30 INFO FsHistoryProvider: Parsing file:/home/jovyan/work/spark-history/local-1621599979594 for listing data...
21/05/23 13:51:31 INFO FsHistoryProvider: Looking for end event; skipping 76586559 bytes from file:/home/jovyan/work/spark-history/local-1621599979594...
21/05/23 13:51:31 INFO FsHistoryProvider: Finished parsing file:/home/jovyan/work/spark-history/local-1621599979594
21/05/23 13:51:31 INFO FsHistoryProvider: Parsing file:/home/jovyan/work/spark-history/local-1621345094350.inprogress for listing data...
21/05/23 13:51:31 INFO FsHistoryProvider: Finished parsing file:/home/jovyan/work/spark-history/local-1621345094350.inprogress
21/05/23 13:51:31 INFO FsHistoryProvider: Parsing file:/home/jovyan/work/spark-history/local-1621431675173.inprogress for listing data...
21/05/23 13:51:31 INFO FsHistoryProvider: Finished parsing file:/home/jovyan/work/spark-history/local-1621431675173.inprogress
21/05/23 13:51:31 INFO FsHistoryProvider: Parsing file:/home/jovyan/work/spark-history/local-1621336676196 for listing data...
21/05/23 13:51:31 INFO FsHistoryProvider: Looking for end event; skipping 54728667 bytes from file:/home/jovyan/work/spark-history/local-1621336676196...
21/05/23 13:51:31 INFO FsHistoryProvider: Finished parsing file:/home/jovyan/work/spark-history/local-1621336676196
21/05/23 13:51:31 INFO FsHistoryProvider: Parsing file:/home/jovyan/work/spark-history/local-1621262315869.inprogress for listing data...
21/05/23 13:51:31 INFO FsHistoryProvider: Finished parsing file:/home/jovyan/work/spark-history/local-1621262315869.inprogress
21/05/23 13:51:31 INFO FsHistoryProvider: Parsing file:/home/jovyan/work/spark-history/local-1621258318755 for listing data...
21/05/23 13:51:31 INFO FsHistoryProvider: Looking for end event; skipping 45870189 bytes from file:/home/jovyan/work/spark-history/local-1621258318755...
21/05/23 13:51:31 INFO FsHistoryProvider: Finished parsing file:/home/jovyan/work/spark-history/local-1621258318755
21/05/23 13:51:31 INFO FsHistoryProvider: Parsing file:/home/jovyan/work/spark-history/local-1621258205715 for listing data...
21/05/23 13:51:31 INFO FsHistoryProvider: Looking for end event; skipping 2019740 bytes from file:/home/jovyan/work/spark-history/local-1621258205715...
21/05/23 13:51:31 INFO FsHistoryProvider: Finished parsing file:/home/jovyan/work/spark-history/local-1621258205715
21/05/23 13:51:31 INFO FsHistoryProvider: Parsing file:/home/jovyan/work/spark-history/local-1621256444825 for listing data...
21/05/23 13:51:31 INFO FsHistoryProvider: Looking for end event; skipping 19399344 bytes from file:/home/jovyan/work/spark-history/local-1621256444825...
21/05/23 13:51:31 INFO FsHistoryProvider: Finished parsing file:/home/jovyan/work/spark-history/local-1621256444825
21/05/23 13:51:31 INFO FsHistoryProvider: Parsing file:/home/jovyan/work/spark-history/local-1621081242738 for listing data...
21/05/23 13:51:31 INFO FsHistoryProvider: Looking for end event; skipping 10101343 bytes from file:/home/jovyan/work/spark-history/local-1621081242738...
21/05/23 13:51:31 INFO FsHistoryProvider: Finished parsing file:/home/jovyan/work/spark-history/local-1621081242738
21/05/23 13:51:31 INFO FsHistoryProvider: Parsing file:/home/jovyan/work/spark-history/local-1621128079839.inprogress for listing data...
21/05/23 13:51:31 INFO FsHistoryProvider: Finished parsing file:/home/jovyan/work/spark-history/local-1621128079839.inprogress
21/05/23 13:51:31 INFO FsHistoryProvider: Parsing file:/home/jovyan/work/spark-history/local-1621001849219.inprogress for listing data...
21/05/23 13:51:31 INFO FsHistoryProvider: Finished parsing file:/home/jovyan/work/spark-history/local-1621001849219.inprogress
21/05/23 13:51:31 INFO FsHistoryProvider: Parsing file:/home/jovyan/work/spark-history/local-1621001539164 for listing data...
21/05/23 13:51:31 INFO FsHistoryProvider: Looking for end event; skipping 1107838 bytes from file:/home/jovyan/work/spark-history/local-1621001539164...
21/05/23 13:51:31 INFO FsHistoryProvider: Finished parsing file:/home/jovyan/work/spark-history/local-1621001539164
21/05/23 13:53:00 INFO FsHistoryProvider: Parsing file:/home/jovyan/work/spark-history/local-1621777974700.inprogress for listing data...
21/05/23 13:53:00 INFO FsHistoryProvider: Finished parsing file:/home/jovyan/work/spark-history/local-1621777974700.inprogress
21/05/23 13:53:50 INFO FsHistoryProvider: Parsing file:/home/jovyan/work/spark-history/local-1621777974700 for listing data...
21/05/23 13:53:50 INFO FsHistoryProvider: Looking for end event; skipping 3496675 bytes from file:/home/jovyan/work/spark-history/local-1621777974700...
21/05/23 13:53:50 INFO FsHistoryProvider: Finished parsing file:/home/jovyan/work/spark-history/local-1621777974700
21/05/23 13:53:58 INFO SecurityManager: Changing view acls to: jovyan
21/05/23 13:53:58 INFO SecurityManager: Changing modify acls to: jovyan
21/05/23 13:53:58 INFO SecurityManager: Changing view acls groups to: 
21/05/23 13:53:58 INFO SecurityManager: Changing modify acls groups to: 
21/05/23 13:53:58 INFO SecurityManager: SecurityManager: authentication disabled; ui acls disabled; users  with view permissions: Set(jovyan); groups with view permissions: Set(); users  with modify permissions: Set(jovyan); groups with modify permissions: Set()
21/05/23 13:53:58 INFO SecurityManager: Changing acls enabled to: false
21/05/23 13:53:58 INFO SecurityManager: Changing admin acls to: 
21/05/23 13:53:58 INFO SecurityManager: Changing view acls to: jovyan
21/05/23 13:53:58 INFO SecurityManager: Changing admin acls groups to: 
21/05/23 13:53:58 INFO SecurityManager: Changing view acls groups to: 
21/05/23 13:53:59 INFO FsHistoryProvider: Parsing file:/home/jovyan/work/spark-history/local-1621777974700 to re-build UI...
21/05/23 13:54:01 INFO FsHistoryProvider: Finished parsing file:/home/jovyan/work/spark-history/local-1621777974700
21/05/23 14:00:01 INFO FsHistoryProvider: Parsing file:/home/jovyan/work/spark-history/local-1621778393858.inprogress for listing data...
21/05/23 14:00:01 INFO FsHistoryProvider: Finished parsing file:/home/jovyan/work/spark-history/local-1621778393858.inprogress
21/05/23 14:00:51 INFO FsHistoryProvider: Parsing file:/home/jovyan/work/spark-history/local-1621778393858 for listing data...
21/05/23 14:00:52 INFO FsHistoryProvider: Looking for end event; skipping 4529042 bytes from file:/home/jovyan/work/spark-history/local-1621778393858...
21/05/23 14:00:52 INFO FsHistoryProvider: Finished parsing file:/home/jovyan/work/spark-history/local-1621778393858
21/05/23 14:01:02 INFO SecurityManager: Changing view acls to: jovyan
21/05/23 14:01:02 INFO SecurityManager: Changing modify acls to: jovyan
21/05/23 14:01:02 INFO SecurityManager: Changing view acls groups to: 
21/05/23 14:01:02 INFO SecurityManager: Changing modify acls groups to: 
21/05/23 14:01:02 INFO SecurityManager: SecurityManager: authentication disabled; ui acls disabled; users  with view permissions: Set(jovyan); groups with view permissions: Set(); users  with modify permissions: Set(jovyan); groups with modify permissions: Set()
21/05/23 14:01:02 INFO SecurityManager: Changing acls enabled to: false
21/05/23 14:01:02 INFO SecurityManager: Changing admin acls to: 
21/05/23 14:01:02 INFO SecurityManager: Changing view acls to: jovyan
21/05/23 14:01:02 INFO SecurityManager: Changing admin acls groups to: 
21/05/23 14:01:02 INFO SecurityManager: Changing view acls groups to: 
21/05/23 14:01:02 INFO FsHistoryProvider: Parsing file:/home/jovyan/work/spark-history/local-1621778393858 to re-build UI...
21/05/23 14:01:03 INFO FsHistoryProvider: Finished parsing file:/home/jovyan/work/spark-history/local-1621778393858
21/05/23 14:08:22 INFO FsHistoryProvider: Parsing file:/home/jovyan/work/spark-history/local-1621778900181.inprogress for listing data...
21/05/23 14:08:22 INFO FsHistoryProvider: Finished parsing file:/home/jovyan/work/spark-history/local-1621778900181.inprogress
21/05/23 14:09:02 INFO FsHistoryProvider: Parsing file:/home/jovyan/work/spark-history/local-1621778900181 for listing data...
21/05/23 14:09:02 INFO FsHistoryProvider: Looking for end event; skipping 4525224 bytes from file:/home/jovyan/work/spark-history/local-1621778900181...
21/05/23 14:09:02 INFO FsHistoryProvider: Finished parsing file:/home/jovyan/work/spark-history/local-1621778900181
21/05/23 14:10:31 INFO SecurityManager: Changing view acls to: jovyan
21/05/23 14:10:31 INFO SecurityManager: Changing modify acls to: jovyan
21/05/23 14:10:31 INFO SecurityManager: Changing view acls groups to: 
21/05/23 14:10:31 INFO SecurityManager: Changing modify acls groups to: 
21/05/23 14:10:31 INFO SecurityManager: SecurityManager: authentication disabled; ui acls disabled; users  with view permissions: Set(jovyan); groups with view permissions: Set(); users  with modify permissions: Set(jovyan); groups with modify permissions: Set()
21/05/23 14:10:31 INFO SecurityManager: Changing acls enabled to: false
21/05/23 14:10:31 INFO SecurityManager: Changing admin acls to: 
21/05/23 14:10:31 INFO SecurityManager: Changing view acls to: jovyan
21/05/23 14:10:31 INFO SecurityManager: Changing admin acls groups to: 
21/05/23 14:10:31 INFO SecurityManager: Changing view acls groups to: 
21/05/23 14:10:31 INFO FsHistoryProvider: Parsing file:/home/jovyan/work/spark-history/local-1621778900181 to re-build UI...
21/05/23 14:10:31 INFO FsHistoryProvider: Finished parsing file:/home/jovyan/work/spark-history/local-1621778900181
21/05/23 14:30:35 INFO FsHistoryProvider: Parsing file:/home/jovyan/work/spark-history/local-1621780225005.inprogress for listing data...
21/05/23 14:30:35 INFO FsHistoryProvider: Finished parsing file:/home/jovyan/work/spark-history/local-1621780225005.inprogress
21/05/23 14:32:05 INFO FsHistoryProvider: Parsing file:/home/jovyan/work/spark-history/local-1621780225005 for listing data...
21/05/23 14:32:05 INFO FsHistoryProvider: Finished parsing file:/home/jovyan/work/spark-history/local-1621780225005
21/05/23 14:32:15 INFO FsHistoryProvider: Parsing file:/home/jovyan/work/spark-history/local-1621780327394.inprogress for listing data...
21/05/23 14:32:15 INFO FsHistoryProvider: Finished parsing file:/home/jovyan/work/spark-history/local-1621780327394.inprogress
21/05/23 14:32:55 INFO FsHistoryProvider: Parsing file:/home/jovyan/work/spark-history/local-1621780373682.inprogress for listing data...
21/05/23 14:32:55 INFO FsHistoryProvider: Finished parsing file:/home/jovyan/work/spark-history/local-1621780373682.inprogress
21/05/23 14:32:55 INFO FsHistoryProvider: Parsing file:/home/jovyan/work/spark-history/local-1621780327394 for listing data...
21/05/23 14:32:55 INFO FsHistoryProvider: Finished parsing file:/home/jovyan/work/spark-history/local-1621780327394
21/05/23 14:36:16 INFO FsHistoryProvider: Parsing file:/home/jovyan/work/spark-history/local-1621780373682 for listing data...
21/05/23 14:36:16 INFO FsHistoryProvider: Finished parsing file:/home/jovyan/work/spark-history/local-1621780373682
21/05/23 14:36:26 INFO FsHistoryProvider: Parsing file:/home/jovyan/work/spark-history/local-1621780581358.inprogress for listing data...
21/05/23 14:36:26 INFO FsHistoryProvider: Finished parsing file:/home/jovyan/work/spark-history/local-1621780581358.inprogress
21/05/23 14:37:16 INFO FsHistoryProvider: Parsing file:/home/jovyan/work/spark-history/local-1621780634613.inprogress for listing data...
21/05/23 14:37:16 INFO FsHistoryProvider: Finished parsing file:/home/jovyan/work/spark-history/local-1621780634613.inprogress
21/05/23 14:37:16 INFO FsHistoryProvider: Parsing file:/home/jovyan/work/spark-history/local-1621780581358 for listing data...
21/05/23 14:37:16 INFO FsHistoryProvider: Finished parsing file:/home/jovyan/work/spark-history/local-1621780581358
21/05/23 14:40:36 INFO FsHistoryProvider: Parsing file:/home/jovyan/work/spark-history/local-1621780634613 for listing data...
21/05/23 14:40:36 INFO FsHistoryProvider: Looking for end event; skipping 9761586 bytes from file:/home/jovyan/work/spark-history/local-1621780634613...
21/05/23 14:40:36 INFO FsHistoryProvider: Finished parsing file:/home/jovyan/work/spark-history/local-1621780634613
21/05/23 14:40:46 INFO FsHistoryProvider: Parsing file:/home/jovyan/work/spark-history/local-1621780840968.inprogress for listing data...
21/05/23 14:40:46 INFO FsHistoryProvider: Finished parsing file:/home/jovyan/work/spark-history/local-1621780840968.inprogress
21/05/23 14:41:46 INFO FsHistoryProvider: Parsing file:/home/jovyan/work/spark-history/local-1621780840968 for listing data...
21/05/23 14:41:46 INFO FsHistoryProvider: Looking for end event; skipping 4522576 bytes from file:/home/jovyan/work/spark-history/local-1621780840968...
21/05/23 14:41:46 INFO FsHistoryProvider: Finished parsing file:/home/jovyan/work/spark-history/local-1621780840968
21/05/23 14:41:56 INFO FsHistoryProvider: Parsing file:/home/jovyan/work/spark-history/local-1621780909847.inprogress for listing data...
21/05/23 14:41:56 INFO FsHistoryProvider: Finished parsing file:/home/jovyan/work/spark-history/local-1621780909847.inprogress
21/05/23 14:42:36 INFO FsHistoryProvider: Parsing file:/home/jovyan/work/spark-history/local-1621780909847 for listing data...
21/05/23 14:42:36 INFO FsHistoryProvider: Looking for end event; skipping 4536911 bytes from file:/home/jovyan/work/spark-history/local-1621780909847...
21/05/23 14:42:36 INFO FsHistoryProvider: Finished parsing file:/home/jovyan/work/spark-history/local-1621780909847
21/05/23 14:42:56 INFO FsHistoryProvider: Parsing file:/home/jovyan/work/spark-history/local-1621780967887.inprogress for listing data...
21/05/23 14:42:56 INFO FsHistoryProvider: Finished parsing file:/home/jovyan/work/spark-history/local-1621780967887.inprogress
21/05/23 14:44:06 INFO FsHistoryProvider: Parsing file:/home/jovyan/work/spark-history/local-1621780967887 for listing data...
21/05/23 14:44:07 INFO FsHistoryProvider: Looking for end event; skipping 1147684 bytes from file:/home/jovyan/work/spark-history/local-1621780967887...
21/05/23 14:44:07 INFO FsHistoryProvider: Finished parsing file:/home/jovyan/work/spark-history/local-1621780967887
21/05/23 14:44:17 INFO FsHistoryProvider: Parsing file:/home/jovyan/work/spark-history/local-1621781055132.inprogress for listing data...
21/05/23 14:44:17 INFO FsHistoryProvider: Finished parsing file:/home/jovyan/work/spark-history/local-1621781055132.inprogress
21/05/23 14:44:57 INFO FsHistoryProvider: Parsing file:/home/jovyan/work/spark-history/local-1621781055132 for listing data...
21/05/23 14:44:57 INFO FsHistoryProvider: Looking for end event; skipping 3399104 bytes from file:/home/jovyan/work/spark-history/local-1621781055132...
21/05/23 14:44:57 INFO FsHistoryProvider: Finished parsing file:/home/jovyan/work/spark-history/local-1621781055132
21/05/23 14:45:17 INFO FsHistoryProvider: Parsing file:/home/jovyan/work/spark-history/local-1621781106719.inprogress for listing data...
21/05/23 14:45:17 INFO FsHistoryProvider: Finished parsing file:/home/jovyan/work/spark-history/local-1621781106719.inprogress
21/05/23 14:45:47 INFO FsHistoryProvider: Parsing file:/home/jovyan/work/spark-history/local-1621781106719 for listing data...
21/05/23 14:45:47 INFO FsHistoryProvider: Looking for end event; skipping 4528503 bytes from file:/home/jovyan/work/spark-history/local-1621781106719...
21/05/23 14:45:47 INFO FsHistoryProvider: Finished parsing file:/home/jovyan/work/spark-history/local-1621781106719
21/05/23 14:47:08 INFO SecurityManager: Changing view acls to: jovyan
21/05/23 14:47:08 INFO SecurityManager: Changing modify acls to: jovyan
21/05/23 14:47:08 INFO SecurityManager: Changing view acls groups to: 
21/05/23 14:47:08 INFO SecurityManager: Changing modify acls groups to: 
21/05/23 14:47:08 INFO SecurityManager: SecurityManager: authentication disabled; ui acls disabled; users  with view permissions: Set(jovyan); groups with view permissions: Set(); users  with modify permissions: Set(jovyan); groups with modify permissions: Set()
21/05/23 14:47:09 INFO SecurityManager: Changing acls enabled to: false
21/05/23 14:47:09 INFO SecurityManager: Changing admin acls to: 
21/05/23 14:47:09 INFO SecurityManager: Changing view acls to: jovyan
21/05/23 14:47:09 INFO SecurityManager: Changing admin acls groups to: 
21/05/23 14:47:09 INFO SecurityManager: Changing view acls groups to: 
21/05/23 14:47:09 INFO FsHistoryProvider: Parsing file:/home/jovyan/work/spark-history/local-1621781106719 to re-build UI...
21/05/23 14:47:09 INFO SecurityManager: Changing view acls to: jovyan
21/05/23 14:47:09 INFO SecurityManager: Changing modify acls to: jovyan
21/05/23 14:47:09 INFO SecurityManager: Changing view acls groups to: 
21/05/23 14:47:09 INFO SecurityManager: Changing modify acls groups to: 
21/05/23 14:47:09 INFO SecurityManager: SecurityManager: authentication disabled; ui acls disabled; users  with view permissions: Set(jovyan); groups with view permissions: Set(); users  with modify permissions: Set(jovyan); groups with modify permissions: Set()
21/05/23 14:47:09 INFO SecurityManager: Changing acls enabled to: false
21/05/23 14:47:09 INFO SecurityManager: Changing admin acls to: 
21/05/23 14:47:09 INFO SecurityManager: Changing view acls to: jovyan
21/05/23 14:47:09 INFO SecurityManager: Changing admin acls groups to: 
21/05/23 14:47:09 INFO SecurityManager: Changing view acls groups to: 
21/05/23 14:47:09 INFO FsHistoryProvider: Parsing file:/home/jovyan/work/spark-history/local-1621781055132 to re-build UI...
21/05/23 14:47:10 INFO FsHistoryProvider: Finished parsing file:/home/jovyan/work/spark-history/local-1621781055132
21/05/23 14:47:10 INFO FsHistoryProvider: Finished parsing file:/home/jovyan/work/spark-history/local-1621781106719
21/05/24 10:45:39 INFO FsHistoryProvider: Parsing file:/home/jovyan/work/spark-history/local-1621853133858.inprogress for listing data...
21/05/24 10:45:39 INFO FsHistoryProvider: Finished parsing file:/home/jovyan/work/spark-history/local-1621853133858.inprogress
21/05/24 10:46:29 INFO FsHistoryProvider: Parsing file:/home/jovyan/work/spark-history/local-1621853133858 for listing data...
21/05/24 10:46:29 INFO FsHistoryProvider: Looking for end event; skipping 2417998 bytes from file:/home/jovyan/work/spark-history/local-1621853133858...
21/05/24 10:46:29 INFO FsHistoryProvider: Finished parsing file:/home/jovyan/work/spark-history/local-1621853133858
21/05/24 10:46:48 INFO SecurityManager: Changing view acls to: jovyan
21/05/24 10:46:48 INFO SecurityManager: Changing modify acls to: jovyan
21/05/24 10:46:48 INFO SecurityManager: Changing view acls groups to: 
21/05/24 10:46:48 INFO SecurityManager: Changing modify acls groups to: 
21/05/24 10:46:48 INFO SecurityManager: SecurityManager: authentication disabled; ui acls disabled; users  with view permissions: Set(jovyan); groups with view permissions: Set(); users  with modify permissions: Set(jovyan); groups with modify permissions: Set()
21/05/24 10:46:49 INFO SecurityManager: Changing acls enabled to: false
21/05/24 10:46:49 INFO SecurityManager: Changing admin acls to: 
21/05/24 10:46:49 INFO SecurityManager: Changing view acls to: jovyan
21/05/24 10:46:49 INFO SecurityManager: Changing admin acls groups to: 
21/05/24 10:46:49 INFO SecurityManager: Changing view acls groups to: 
21/05/24 10:46:49 INFO FsHistoryProvider: Parsing file:/home/jovyan/work/spark-history/local-1621853133858 to re-build UI...
21/05/24 10:46:49 INFO FsHistoryProvider: Finished parsing file:/home/jovyan/work/spark-history/local-1621853133858
21/05/24 14:16:16 INFO FsHistoryProvider: Parsing file:/home/jovyan/work/spark-history/local-1621865770964.inprogress for listing data...
21/05/24 14:16:16 INFO FsHistoryProvider: Finished parsing file:/home/jovyan/work/spark-history/local-1621865770964.inprogress
21/05/24 14:17:26 INFO FsHistoryProvider: Parsing file:/home/jovyan/work/spark-history/local-1621865770964 for listing data...
21/05/24 14:17:26 INFO FsHistoryProvider: Looking for end event; skipping 5329403 bytes from file:/home/jovyan/work/spark-history/local-1621865770964...
21/05/24 14:17:26 INFO FsHistoryProvider: Finished parsing file:/home/jovyan/work/spark-history/local-1621865770964
21/05/24 14:17:36 INFO FsHistoryProvider: Parsing file:/home/jovyan/work/spark-history/local-1621865846987.inprogress for listing data...
21/05/24 14:17:36 INFO FsHistoryProvider: Finished parsing file:/home/jovyan/work/spark-history/local-1621865846987.inprogress
